{ id: 'AD03272914',
  phone: '0987215242',
  address: '台北市大安區羅斯福路四段一號 台灣大學 第九女生宿舍 209寢',
  area: '106',
  email: 'o.zqin@gmail.com' }
{ id: 'AD03274132',
  phone: '0972779787',
  address: '台北市中正區思源街16之2 台大水源學舍 a棟 432',
  area: '10086',
  email: 'zxy2502878436@gmail.com' }
{ id: 'H224353937',
  phone: '0933782232',
  address: '臺北市大安區臺灣大學女生第三宿舍212室',
  area: '106',
  email: 'B01101023@ntu.edu.tw' }
{ id: 'W200411186',
  phone: '0911613701',
  address: '台北市大安區羅斯福路四段一號台大女二舍309寢',
  area: '10617',
  email: 'b01101027@ntu.edu.tw' }
{ id: 'AD03296558',
  phone: '0988535094',
  address: '臺北市中正區10074思源街16-5號 bot c棟 1019-2',
  area: '100',
  email: 'parkeunsol92@hotmail.com' }
{ id: 'F128354034',
  phone: '0975417186',
  address: '新北市三芝區錫板里11鄰24號',
  area: '252',
  email: 'lanrowfan@gmail.com' }
{ id: 'A228786220',
  phone: '0989067558',
  address: '台北市大安區四維路6巷35號',
  area: '10691',
  email: 'nancy821121@gmail.com' }
{ id: 'AC03328633',
  phone: '0983005540',
  address: '臺北市大安區羅斯福路四段82號3F.D室',
  area: '106',
  email: 'whdtjr7145@naver.com' }
{ id: 'A129965750',
  phone: '0989249872',
  address: '台北市內湖區內湖路3段56號4樓',
  area: '114',
  email: 'b03101021@ntu.edu.tw' }
Processed successfully
{ id: 'R124264798',
  phone: '0988372278',
  address: '台北市大安區長興街50號男五舍112房',
  area: '106',
  email: 'b00102064@ntu.edu.tw' }
{ id: 'E224261753',
  phone: '0976097798',
  address: '高雄市小港區港口里鋼平街173巷6號1樓',
  area: '812',
  email: 'b00102103@ntu.edu.tw' }
{ id: 'G122128040',
  phone: '0985497021',
  address: '台北市中正區徐州路2-3號男二舍506A',
  area: '100',
  email: 'b02102105@ntu.edu.tw' }
{ id: 'A229544959',
  phone: '0228384626',
  address: '台北市士林區忠義街79號4樓',
  area: '111',
  email: 'b03102004@ntu.edu.tw' }
{ id: 'F229005345',
  phone: '0975910205',
  address: '新北市中和區忠孝街1巷4號6樓',
  area: '235',
  email: 'Zafon3475@gmail.com' }
Processed successfully
{ id: 'M222582273',
  phone: '0921718725',
  address: '大安區羅斯福路四段一號女八舍107房',
  area: '106',
  email: 'b00103024@ntu.edu.tw' }
{ id: 'L224609758',
  phone: '0425286139',
  address: '臺中市豐原區社皮里19鄰成功路380巷39號',
  area: '420',
  email: 'b01103028@ntu.edu.tw' }
{ id: 'F129185006',
  phone: '0935535491',
  address: '新北市板橋區埤墘里縣民大道3段57號4樓',
  area: '220',
  email: 'alldaylong56@gmail.com' }
{ id: 'K122519231',
  phone: '0933856730',
  address: '臺北市中正區思源街16-5號335房',
  area: '235',
  email: 'b01103053@ntu.edu.tw' }
{ id: 'C121398697',
  phone: '0910050524',
  address: '基隆市安樂區麥金路171之2號10樓',
  area: '204',
  email: 'b02103030@ntu.edu.tw' }
{ id: 'T124222550',
  phone: '0979271761',
  address: '台北市大安區辛亥路二段199號2樓',
  area: '106',
  email: 'b02103047@ntu.edu.tw' }
{ id: 'E224638594',
  phone: '0932032380',
  address: '台北市大安區羅斯福路四段一號女三社226室',
  area: '106',
  email: 'b02103048@ntu.edu.tw' }
{ id: 'O200386172',
  phone: '089552040',
  address: '臺北市大安區羅斯福路四段一號國立臺灣大學大一女舍433室',
  area: '10617',
  email: 'b03103029@ntu.edu.tw' }
Processed successfully
{ id: 'E224421482',
  phone: '0917908495',
  address: '高雄市前鎮區瑞平里崗山南街428巷1弄36號',
  area: '80643',
  email: 'b00104017@ntu.edu.tw' }
{ id: 'A126642198',
  phone: '0225639829',
  address: '臺北市中山區台北市中山區中山北路二段59巷21號11F-1',
  area: '104',
  email: 'b00104022@ntu.edu.tw' }
{ id: 'H124469581',
  phone: '0972150152',
  address: '桃園市桃園區江南十街32巷29號5樓',
  area: '33073',
  email: 'b00104037@ntu.edu.tw' }
{ id: 'D122528672',
  phone: '0929838636',
  address: '台南市仁德區成功里3鄰保生東路218巷66弄3號',
  area: '717',
  email: 'b00104039@ntu.edu.tw' }
{ id: 'E124779490',
  phone: '07-5834887',
  address: '高雄市左營區尾北里2鄰左營大路572號',
  area: '813',
  email: 'b00104041@ntu.edu.tw' }
{ id: 'F128777617',
  phone: '0988276447',
  address: '新北市鶯歌區重慶街28號10樓',
  area: '239',
  email: 'B00104043@ntu.edu.tw' }
{ id: 'FB20241594',
  phone: '0910966441',
  address: '台北市中正區徐州路2號之2 1102C',
  area: '',
  email: 'b00104050@ntu.edu.tw' }
{ id: 'U121791826',
  phone: '0930252911',
  address: '台北市大安區長興街92號',
  area: '10672',
  email: 'b01104023@ntu.edu.tw' }
{ id: 'A227446861',
  phone: '0227839139',
  address: '臺北市南港區研究院路二段128號中央研究院分生所323室',
  area: '115',
  email: 'yscindy@gmail.com' }
{ id: 'A228644218',
  phone: '0228274520',
  address: '台北市北投區石牌路１段71巷6號7樓之4',
  area: '112',
  email: 'b03104010@ntu.edu.tw' }
{ id: 'A229183330',
  phone: '0987135748',
  address: '台北市中山區北安路565巷1號6樓之2',
  area: '104',
  email: 'b03104037@ntu.edu.tw' }
Processed successfully
{ id: 'F128643518',
  phone: '0932841007',
  address: '新北市土城區福仁街60巷9號2樓',
  area: '23667',
  email: 'b00105029@ntu,edu.tw' }
{ id: 'F128958747',
  phone: '0222131096',
  address: '新北市新店區黎明路96號1樓',
  area: '231',
  email: 'b01105006@ntu.edu.tw' }
{ id: 'AD03213782',
  phone: '0989555033',
  address: '台北市大安區泰順街40巷10弄3號5樓',
  area: '10648',
  email: 'b01105039@ntu.edu.tw' }
{ id: 'A128411824',
  phone: '0916129608',
  address: '臺北市士林區承德路4段12巷19號2樓',
  area: '111',
  email: 'steve70204@gmail.com' }
{ id: 'A229508122',
  phone: '0911498130',
  address: '臺北市內湖區114 臺北市內湖區港墘里8鄰江南街71巷16弄45號4樓',
  area: '114',
  email: 'bella831213@gmail.com' }
{ id: 'C221514344',
  phone: '0911960301',
  address: '基隆市暖暖區源遠路260巷30號5樓',
  area: '205',
  email: 'dnjh960320@gmail.com' }
{ id: 'XB00025186',
  phone: '0909052325',
  address: '臺北市大安區羅斯福路四段一號女九舍313B',
  area: '106',
  email: 'b02105040@ntu.edu.tw' }
{ id: 'I200301310',
  phone: '0939579430',
  address: '台北市大安區羅斯福路四段一號國立台灣大學大一女舍418室',
  area: '106-17',
  email: 'b03105011@ntu.edu.tw' }
Processed successfully
{ id: 'N125421990',
  phone: '0229548739',
  address: '台北縣中和市德光路48號之1 10樓',
  area: '235',
  email: 'b00106015@ntu.edu.tw' }
{ id: 'L224596836',
  phone: '0971025867',
  address: '台北市大安區羅斯福路四段一號國立台灣大學女一舍303室',
  area: '106',
  email: 'b01106023@ntu.edu.tw' }
{ id: 'A129290909',
  phone: '0988060608',
  address: '台北市大安區長興街92號台大男七舍202室',
  area: '542',
  email: 'B01106030@ntu.edu.tw' }
{ id: 'F228197095',
  phone: '0933983799',
  address: '新北市三重區田中里29鄰中正北路276巷16號5樓',
  area: '241',
  email: 'k19940723@gmail.com' }
{ id: 'F228354821',
  phone: '0223320630',
  address: '臺北市萬華區西藏路125巷1號3樓之2',
  area: '108',
  email: 'b02106002@ntu.edu.tw' }
{ id: 'A129167192',
  phone: '(02)28946055',
  address: '臺北市北投區112 台北市北投區稻香里1鄰中央北路二段286號3樓',
  area: '112',
  email: 'b02106048@ntu.edu.tw' }
{ id: 'F228689089',
  phone: '0289212445',
  address: '新北市永和區信義路25巷51號1樓',
  area: '234',
  email: 'serena841205@gmail.com' }
{ id: 'E224497575',
  phone: '0988258602',
  address: '高雄市三民區鼎盛里18鄰鼎貴路165號',
  area: '807',
  email: 'dooodoll3@gmail.com' }
{ id: 'A225398684',
  phone: '0989676479',
  address: '新北市新莊區豐年街豐二巷43號5樓',
  area: '242',
  email: 'b03106043@ntu.edu.tw' }
{ id: 'A228657975',
  phone: '0989522920',
  address: '新竹市牛埔東路247號9樓之5',
  area: '300',
  email: 'b03106048@ntu.edu.tw' }
Processed successfully
{ id: 'F128573422',
  phone: '0926609535',
  address: '新北市三重區三和路四段125巷71號2樓',
  area: '241',
  email: 'h85370372@gmail.com' }
{ id: 'H124249329',
  phone: '0925270919',
  address: '桃園市中壢區普忠路231巷7號',
  area: '320',
  email: 'b00107011@ntu.edu.tw' }
{ id: 'A226370135',
  phone: '0927730666',
  address: '臺北市松山區敦化里4鄰八德路三段12巷16弄16號2樓',
  area: '105',
  email: 'b01107029@ntu.edu.tw' }
{ id: 'N125568283',
  phone: '0983769005',
  address: '彰化縣二林鎮東勢里1鄰面前巷23號',
  area: '526',
  email: 'b01107031@ntu.edu.tw' }
{ id: 'O100409767',
  phone: '035585837',
  address: '新竹縣竹北市光明九路155巷2弄16號',
  area: '302',
  email: 'b03107018@ntu.edu.tw' }
{ id: 'E224715229',
  phone: '0988382731',
  address: '高雄市左營區大中一路400號11樓',
  area: '813',
  email: 'lion509@yahoo.com.tw' }
{ id: 'F229175520',
  phone: '0988520947',
  address: '新北市三重區三陽路40號7樓',
  area: '241',
  email: 'b03107037@ntu.edu.tw' }
{ id: 'F228869238',
  phone: '0989161122',
  address: '新北市汐止區康寧街141巷26號4樓',
  area: '221',
  email: 'angelliu30@yahoo.com.tw' }
Processed successfully
Processed successfully
{ id: 'F227888239',
  phone: '0226014034',
  address: '新北市林口區菁湖里16鄰台電新村20號',
  area: '24443',
  email: 'b00109034@ntu.edu.tw' }
{ id: 'F228150430',
  phone: '0927107751',
  address: '新北市汐止區保新街35號3樓',
  area: '22173',
  email: 'b00109038@ntu.edu.tw' }
{ id: 'F228120094',
  phone: '0936553185',
  address: '台北市士林區中山北路六段728巷18號',
  area: '111',
  email: 'b01109001@ntu.edu.tw' }
{ id: 'A225400518',
  phone: '0922850219',
  address: '台北市大同區哈密街159號4樓',
  area: '103',
  email: 'b03109010@ntu.edu.tw' }
{ id: 'T224201357',
  phone: '0921551457',
  address: '台北市松山區民生東路四段一一二巷七弄20號2樓',
  area: '105',
  email: 'ginacupy@gmail.com' }
Processed successfully
Processed successfully
Processed successfully
Processed successfully
Processed successfully
Processed successfully
Processed successfully
Processed successfully
Processed successfully
Processed successfully
Processed successfully
Processed successfully
Processed successfully
Processed successfully
Processed successfully
Processed successfully
{ id: 'F128791984',
  phone: '0936111499',
  address: '新北市板橋區金門街316號6樓',
  area: '22071',
  email: 'b00201006@ntu.edu.tw' }
{ id: 'F128849369',
  phone: '0983281350',
  address: '台北市大安區長興街31號臺大男八舍222房',
  area: '106',
  email: 'b00201019@ntu.edu.tw' }
{ id: 'D222512729',
  phone: '0988292508',
  address: '台北市羅斯福路四段一號(台灣大學) 女九社203寢',
  area: '701',
  email: 'b00201055@ntu.edu.tw' }
{ id: 'A228762417',
  phone: '0226560110',
  address: '臺北市內湖區江南街71巷16弄21號4樓',
  area: '114',
  email: 'lovesoccer0924@gmail.com' }
{ id: 'D122550192',
  phone: '0958013258',
  address: '台北市大安區學府里14鄰長興街31號：臺大男六舍217',
  area: '10672',
  email: 'b01201020@ntu.edu.tw' }
{ id: 'MA0071636',
  phone: '0085362644040',
  address: '澳門沙梨頭運順新?B座26樓U室',
  area: '',
  email: '' }
{ id: 'H124402442',
  phone: '0913065055',
  address: '桃園縣八德市大慶里5廣福路20巷43弄19號',
  area: '334',
  email: 'b02201011@ntu.edu.tw' }
{ id: 'E124878881',
  phone: '0225328336',
  address: '台北市中山區通北街65巷10號2樓',
  area: '104',
  email: 'b03201001@ntu.edu.tw' }
{ id: 'F129535748',
  phone: '0229201472',
  address: '新北市永和區永和路１段67號十樓',
  area: '234',
  email: 'andy_nien1995@yahoo.com.tw' }
{ id: 'J122782117',
  phone: '033362088',
  address: '桃園縣桃園市泰山里17鄰宏昌六街16號13樓',
  area: '330',
  email: 'designate70@gmail.com' }
{ id: 'L125160203',
  phone: '0983105728',
  address: '臺中市大里區西榮里19鄰德芳路一段83巷16號',
  area: '412',
  email: 'j22642929@gmail.com' }
Processed successfully
{ id: 'A129634554',
  phone: '0983212301',
  address: '台北市內湖區民權東路6段90巷16弄4號1F',
  area: '114',
  email: 'b00202008@ntu.edu.tw' }
{ id: 'N125668359',
  phone: '0975766711',
  address: '臺北市大安區學府里長興街50號209房',
  area: '106',
  email: 'b00202018@ntu.edu.tw' }
{ id: 'B122946516',
  phone: '0910316438',
  address: '台北市大安區長興街31號台大男六舍304室',
  area: '701',
  email: 'b00202021@ntu.edu.tw' }
{ id: 'F128652964',
  phone: '0972247580',
  address: '台北市中正區思源街16-5號220室',
  area: '10087',
  email: 'b00202046@ntu.edu.tw' }
{ id: 'E124778573',
  phone: '075855820',
  address: '高雄市左營區中華一路3號七樓之2',
  area: '813',
  email: 'b00202055@ntu.edu.tw' }
{ id: 'N125590356',
  phone: '0977457379',
  address: '106 台北市大安區 長興街50號男五舍404室',
  area: '10672',
  email: 'b00202073@ntu.edu.tw' }
{ id: 'A127284501',
  phone: '0223077026',
  address: '臺北市萬華區寶興街140巷23號2樓',
  area: '108',
  email: 'B01202005@ntu.edu.tw' }
{ id: 'A127899628',
  phone: '0227335603',
  address: '臺北市信義區富陽街55巷28號',
  area: '116',
  email: 'b01202039@ntu.edu.tw' }
{ id: 'AC03445906',
  phone: '0975663450',
  address: '台北市大安區長興街31號',
  area: '10672',
  email: 'b01202070@ntu.edu.tw' }
{ id: 'XA00035779',
  phone: '0984256611',
  address: '台北市大安區長興街50號台大男三舍206室',
  area: '10672',
  email: 'oscar19950816@yahoo.com.hk' }
{ id: 'P123784977',
  phone: '02-22602502',
  address: '新北市土城區學府路一段99巷13號2樓',
  area: '236',
  email: 'tfkc8899@yahoo.com.tw' }
Processed successfully
{ id: 'G121788775',
  phone: '0988812829',
  address: '宜蘭縣五結鄉三興村8鄰五結中路三段301號',
  area: '268',
  email: 'b00203040@ntu.edu.tw' }
{ id: 'F128716061',
  phone: '0935515129',
  address: '新北市永和區秀朗路2段24巷6弄3號2樓',
  area: '234',
  email: '' }
{ id: 'A126840390',
  phone: '0226935611',
  address: '新北市汐止區福德二路146號8樓',
  area: '221',
  email: 'b03203011@ntu.edu.tw' }
{ id: 'H124794650',
  phone: '033222897',
  address: '桃園縣蘆竹鄉南榮村21鄰力行街72號',
  area: '338',
  email: 'rdia1515@gmail.com' }
{ id: 'C121388619',
  phone: '02-2432-2162',
  address: '基隆市安樂區基金一路135巷126號',
  area: '20445',
  email: 'jonathanchou_tw@yahoo.com.tw' }
Processed successfully
{ id: 'F128457969',
  phone: '0289411599',
  address: '新北市中和區內南里30鄰興南路２段242巷8號1樓',
  area: '23566',
  email: 'b00204005@ntu.edu.tw' }
{ id: 'C121404716',
  phone: '0227655851',
  address: '台北市松山區南京東路五段291巷19弄51號6樓之1',
  area: '105',
  email: 'b00204019@ntu.edu.tw' }
{ id: 'F227727142',
  phone: '0989716712',
  address: '台北市大安區基隆路三段40巷1弄5號4樓',
  area: '106',
  email: 'b00204020@ntu.edu.tw' }
{ id: 'G122030107',
  phone: '0937184407',
  address: '宜蘭縣員山鄉員山路一段629號',
  area: '264',
  email: 'b00204029@ntu.edu.tw' }
{ id: 'A129155414',
  phone: '0912617310',
  address: '臺北市北投區公館路63巷21弄5號4樓',
  area: '112',
  email: 'b01204037@ntu.edu.tw' }
{ id: 'A127027506',
  phone: '0939386198',
  address: '臺北市中正區羅斯福路一段94號5樓',
  area: '100',
  email: 'b01204038@ntu.edu.tw' }
{ id: 'XA00035288',
  phone: '0984256610',
  address: '台北大安區長興街50號台大男三230',
  area: '10672',
  email: 'b02204043@ntu.edu.tw' }
{ id: 'H224434802',
  phone: '033024332',
  address: '桃園縣桃園市南山街86號',
  area: '330',
  email: 'bry2004456@yahoo.com.tw' }
{ id: 'M122698050',
  phone: '0492203986',
  address: '南投縣南投市文化路105巷48號',
  area: '540',
  email: '' }
{ id: 'X220571547',
  phone: '069263808',
  address: '澎湖縣馬公市民權路32號',
  area: '880',
  email: '' }
Processed successfully
{ id: 'A127026652',
  phone: '0975131916',
  address: '臺北市中正區和平西路2段142號12樓之2',
  area: '100',
  email: 'b01207029@ntu.edu.tw' }
{ id: 'A129159387',
  phone: '0905511850',
  address: '臺北市北投區永興路一段四十四號二樓之ㄧ',
  area: '112',
  email: 'b02207025@ntu.edu.tw' }
{ id: 'A128416570',
  phone: '0910921884',
  address: '臺北市大安區基隆路75號A棟2樓29房',
  area: '106',
  email: 'a14758413067@gmail.com' }
{ id: 'B123005603',
  phone: '0423825818',
  address: '台中市南屯區黎明路１段1086巷51號',
  area: '408',
  email: 'qwe555tw@yahoo.com.tw' }
Processed successfully
{ id: 'F128703288',
  phone: '02-22935445',
  address: '新北市五股區五福路47號2樓',
  area: '248',
  email: 'blumber62506@gmail.com' }
{ id: 'N125705213',
  phone: '0424813071',
  address: '臺中市大里市西榮里27鄰東榮路316巷5號',
  area: '412',
  email: 'shslove.art@gmail.com' }
{ id: 'X120487397',
  phone: '069271016',
  address: '澎湖縣馬公市縣府新村39號',
  area: '880',
  email: 'b01208014@ntu.edu.tw' }
{ id: 'O100349711',
  phone: '0912518542',
  address: '臺北市大安區長興街92號台大男七舍408寢室',
  area: '10672',
  email: 'b01208022@ntu.edu.tw' }
{ id: 'F129031450',
  phone: '0927058698',
  address: '新北市板橋區重慶路249號5樓-2',
  area: '220',
  email: 'b01208023@ntu.edu.tw' }
{ id: 'F128751177',
  phone: '0925337082',
  address: '新北市三重區重陽路四段81號6樓',
  area: '241',
  email: 'b01208030@ntu.edu.tw' }
{ id: 'Q223956332',
  phone: '0912393892',
  address: '新北市板橋區溪頭里長江路二段273巷3號6樓',
  area: '220',
  email: '' }
{ id: 'T123771250',
  phone: '0981262340',
  address: '台北市大安區長興街50號男三舍209室B',
  area: '',
  email: 'b01208043' }
{ id: 'R224347187',
  phone: '0975007112',
  address: '台北市羅斯福路四段一號  台大大一女宿238號',
  area: '10617 ',
  email: 'b03208018@ntu.edu.tw' }
Processed successfully
{ id: 'F128854388',
  phone: '0988835227',
  address: '台北縣中和市積穗里1鄰中山路2段596巷10號',
  area: '235',
  email: 'b00209007@ntu.edu.tw' }
{ id: 'F128803747',
  phone: '0229988109',
  address: '台北縣新莊市恆安里12鄰新中街29號',
  area: '242',
  email: 'b00209033@ntu.edu.tw' }
{ id: 'F129240735',
  phone: '0911785724',
  address: '新北市板橋區國光路67巷37號12樓',
  area: '220',
  email: 'b01209012@ntu.edu.tw' }
{ id: 'P123763094',
  phone: '0975235250',
  address: '新北市泰山區貴子里明志路3段142巷63號1樓',
  area: '243',
  email: 'b01209020@ntu.edu.tw' }
{ id: 'C121479464',
  phone: '0978239719',
  address: '基隆市中山區中山一路121號九樓',
  area: '203',
  email: 'b01209032@ntu.edu.tw' }
{ id: 'F129158036',
  phone: '(02)26793277',
  address: '新北市鶯歌區建國路156號6樓',
  area: '23941',
  email: 'ckac31.comet@gmail.com' }
{ id: 'A129560620',
  phone: '0988150518',
  address: '臺北市大安區安居街8巷6弄18號6樓',
  area: '106',
  email: 'ke755024@gmail.com' }
Processed successfully
