0 info it worked if it ends with ok
1 verbose cli [ 'node', '/usr/local/bin/npm', 'install', 'angular-google-maps' ]
2 info using npm@1.4.27
3 info using node@v0.10.31
4 verbose config Skipping project config: /Users/howard/.npmrc. (matches userconfig)
5 warn package.json spawn-command@0.0.2 No repository field.
6 verbose cache add [ 'angular-google-maps', null ]
7 verbose cache add name=undefined spec="angular-google-maps" args=["angular-google-maps",null]
8 verbose parsed url { protocol: null,
8 verbose parsed url   slashes: null,
8 verbose parsed url   auth: null,
8 verbose parsed url   host: null,
8 verbose parsed url   port: null,
8 verbose parsed url   hostname: null,
8 verbose parsed url   hash: null,
8 verbose parsed url   search: null,
8 verbose parsed url   query: null,
8 verbose parsed url   pathname: 'angular-google-maps',
8 verbose parsed url   path: 'angular-google-maps',
8 verbose parsed url   href: 'angular-google-maps' }
9 silly lockFile 804bc49b-angular-google-maps angular-google-maps
10 verbose lock angular-google-maps /Users/howard/.npm/804bc49b-angular-google-maps.lock
11 silly lockFile 804bc49b-angular-google-maps angular-google-maps
12 silly lockFile 804bc49b-angular-google-maps angular-google-maps
13 verbose addNamed [ 'angular-google-maps', '' ]
14 verbose addNamed [ null, '*' ]
15 silly lockFile 66bf3552-angular-google-maps angular-google-maps@
16 verbose lock angular-google-maps@ /Users/howard/.npm/66bf3552-angular-google-maps.lock
17 silly addNameRange { name: 'angular-google-maps', range: '*', hasData: false }
18 verbose request where is /angular-google-maps
19 verbose request registry https://registry.npmjs.org/
20 verbose request id 41f2dd2185c4c958
21 verbose url raw /angular-google-maps
22 verbose url resolving [ 'https://registry.npmjs.org/', './angular-google-maps' ]
23 verbose url resolved https://registry.npmjs.org/angular-google-maps
24 verbose request where is https://registry.npmjs.org/angular-google-maps
25 info trying registry request attempt 1 at 13:03:56
26 http GET https://registry.npmjs.org/angular-google-maps
27 http 404 https://registry.npmjs.org/angular-google-maps
28 silly registry.get cb [ 404,
28 silly registry.get   { date: 'Sat, 13 Dec 2014 05:04:00 GMT',
28 silly registry.get     server: 'CouchDB/1.5.0 (Erlang OTP/R16B03)',
28 silly registry.get     etag: '"DSCL5IKCKGH8T422S1AMSE4Z0"',
28 silly registry.get     'content-type': 'application/json',
28 silly registry.get     'cache-control': 'max-age=0',
28 silly registry.get     'content-length': '490',
28 silly registry.get     'accept-ranges': 'bytes',
28 silly registry.get     via: '1.1 varnish',
28 silly registry.get     age: '0',
28 silly registry.get     'x-served-by': 'cache-ty67-TYO',
28 silly registry.get     'x-cache': 'MISS',
28 silly registry.get     'x-cache-hits': '0',
28 silly registry.get     'x-timer': 'S1418447040.122841,VS0,VE190',
28 silly registry.get     vary: 'Accept',
28 silly registry.get     'keep-alive': 'timeout=10, max=50',
28 silly registry.get     connection: 'Keep-Alive' } ]
29 silly lockFile 66bf3552-angular-google-maps angular-google-maps@
30 silly lockFile 66bf3552-angular-google-maps angular-google-maps@
31 error 404 Not Found
31 error 404
31 error 404 'angular-google-maps' is not in the npm registry.
31 error 404 You should bug the author to publish it
31 error 404
31 error 404 Note that you can also install from a
31 error 404 tarball, folder, or http url, or git url.
32 error System Darwin 13.4.0
33 error command "node" "/usr/local/bin/npm" "install" "angular-google-maps"
34 error cwd /Users/howard/Workspace/DB
35 error node -v v0.10.31
36 error npm -v 1.4.27
37 error code E404
38 verbose exit [ 1, true ]
